<?xml version="1.0" encoding="UTF-8"?>
<testng-results skipped="0" failed="0" ignored="0" total="1" passed="1">
  <reporter-output>
  </reporter-output>
  <suite name="Suite" duration-ms="19753" started-at="2017-08-25T18:15:38Z" finished-at="2017-08-25T18:15:58Z">
    <groups>
    </groups>
    <test name="Test" duration-ms="19753" started-at="2017-08-25T18:15:38Z" finished-at="2017-08-25T18:15:58Z">
      <class name="sample.FirstCITest">
        <test-method status="PASS" signature="launchBrowser()[pri:0, instance:sample.FirstCITest@5025a98f]" name="launchBrowser" is-config="true" duration-ms="12361" started-at="2017-08-25T23:45:38Z" finished-at="2017-08-25T23:45:50Z">
          <reporter-output>
          </reporter-output>
        </test-method> <!-- launchBrowser -->
        <test-method status="PASS" signature="OpenPage()[pri:0, instance:sample.FirstCITest@5025a98f]" name="OpenPage" duration-ms="7355" started-at="2017-08-25T23:45:50Z" finished-at="2017-08-25T23:45:58Z">
          <reporter-output>
          </reporter-output>
        </test-method> <!-- OpenPage -->
      </class> <!-- sample.FirstCITest -->
    </test> <!-- Test -->
  </suite> <!-- Suite -->
</testng-results>
