<?xml version="1.0" encoding="UTF-8"?>
<testng-results skipped="0" failed="0" ignored="0" total="1" passed="1">
  <reporter-output>
  </reporter-output>
  <suite name="Suite" duration-ms="12035" started-at="2017-08-26T03:20:49Z" finished-at="2017-08-26T03:21:01Z">
    <groups>
    </groups>
    <test name="Test" duration-ms="12035" started-at="2017-08-26T03:20:49Z" finished-at="2017-08-26T03:21:01Z">
      <class name="LaunchVideo.Youtube.OpenVideo">
        <test-method status="PASS" signature="launchBrowser()[pri:0, instance:LaunchVideo.Youtube.OpenVideo@5025a98f]" name="launchBrowser" is-config="true" duration-ms="5964" started-at="2017-08-26T08:50:49Z" finished-at="2017-08-26T08:50:55Z">
          <reporter-output>
          </reporter-output>
        </test-method> <!-- launchBrowser -->
        <test-method status="PASS" signature="OpenPage()[pri:0, instance:LaunchVideo.Youtube.OpenVideo@5025a98f]" name="OpenPage" duration-ms="5922" started-at="2017-08-26T08:50:55Z" finished-at="2017-08-26T08:51:01Z">
          <reporter-output>
          </reporter-output>
        </test-method> <!-- OpenPage -->
      </class> <!-- LaunchVideo.Youtube.OpenVideo -->
    </test> <!-- Test -->
  </suite> <!-- Suite -->
</testng-results>
